<?xml version="1.0" encoding="UTF-8"?>
<!-- Generated by org.testng.reporters.JUnitReportReporter -->
<testsuite hostname="RWTISQQ182" failures="0" tests="1" name="Acadmey.base" time="0.014" errors="0" timestamp="2022-03-08T23:29:43 IST" skipped="0">
  <testcase classname="Acadmey.base" name="InitilizeDriver" time="0.014"/>
  <system-out/>
</testsuite> <!-- Acadmey.base -->
