<?xml version="1.0" encoding="UTF-8"?>
<!-- Generated by org.testng.reporters.JUnitReportReporter -->
<testsuite hostname="RWTISQQ182" failures="0" tests="2" name="Acadmey.HomePage" time="15.120" errors="0" timestamp="2022-03-13T15:10:41 IST" skipped="0">
  <testcase classname="Acadmey.HomePage" name="basePageNavigation" time="11.461"/>
  <system-out/>
  <testcase classname="Acadmey.HomePage" name="basePageNavigation" time="3.659"/>
  <system-out/>
</testsuite> <!-- Acadmey.HomePage -->
